<-Start->2017-12-26 15:12:49,428<-Sep->DEBUG<-Sep->com.ibm.appscan.frameworks.analyzers.generic.LangIndependentWalaUtil<-Sep->com.ibm.appscan.frameworks.analyzers.generic.LangIndependentWalaUtil.logAllWarningsAndClear(LangIndependentWalaUtil.java:31)<-Sep->WALA warnings:<-Sep->
<-Start->2017-12-26 15:12:49,459<-Sep->DEBUG<-Sep->com.ibm.appscan.frameworks.analyzers.generic.LangIndependentWalaUtil<-Sep->com.ibm.appscan.frameworks.analyzers.generic.LangIndependentWalaUtil.logAllWarningsAndClear(LangIndependentWalaUtil.java:32)<-Sep->1. [Moderate] class com.ibm.wala.ipa.cha.ClassHierarchy$ClassExclusion : <Primordial,Lcom/ibm/security/cert/X509V1CertImpl> No superclass found for <Primordial,Lcom/ibm/security/cert/X509V1CertImpl> Superclass name Ljavax/security/cert/X509Certificate
2. [Moderate] class com.ibm.wala.ipa.cha.ClassHierarchy$ClassExclusion : <Primordial,Lcom/ibm/security/smime/jmail/SMIMEMimeMessage> No superclass found for <Primordial,Lcom/ibm/security/smime/jmail/SMIMEMimeMessage> Superclass name Ljavax/mail/internet/MimeMessage
3. [Moderate] class com.ibm.wala.ipa.cha.ClassHierarchy$ClassExclusion : <Primordial,Lcom/ibm/security/smime/jmail/SMIMEMimeMultipart> No superclass found for <Primordial,Lcom/ibm/security/smime/jmail/SMIMEMimeMultipart> Superclass name Ljavax/mail/internet/MimeMultipart
4. [Moderate] class com.ibm.wala.ipa.cha.ClassHierarchy$ClassExclusion : <Primordial,Lcom/sun/corba/se/impl/activation/RepositoryImpl> No superclass found for <Primordial,Lcom/sun/corba/se/spi/activation/_RepositoryImplBase> Superclass name Lorg/omg/CORBA/portable/ObjectImpl
5. [Moderate] class com.ibm.wala.ipa.cha.ClassHierarchy$ClassExclusion : <Primordial,Lcom/sun/corba/se/impl/activation/ServerCallback> No superclass found for <Primordial,Lcom/sun/corba/se/spi/activation/_ServerImplBase> Superclass name Lorg/omg/CORBA/portable/ObjectImpl
6. [Moderate] class com.ibm.wala.ipa.cha.ClassHierarchy$ClassExclusion : <Primordial,Lcom/sun/corba/se/impl/activation/ServerManagerImpl> No superclass found for <Primordial,Lcom/sun/corba/se/spi/activation/_ServerManagerImplBase> Superclass name Lorg/omg/CORBA/portable/ObjectImpl
7. [Moderate] class com.ibm.wala.ipa.cha.ClassHierarchy$ClassExclusion : <Primordial,Lcom/sun/corba/se/impl/corba/AnyImpl$AnyInputStream> No superclass found for <Primordial,Lcom/sun/corba/se/impl/encoding/CDRInputStream> Superclass name Lorg/omg/CORBA_2_3/portable/InputStream
8. [Moderate] class com.ibm.wala.ipa.cha.ClassHierarchy$ClassExclusion : <Primordial,Lcom/sun/corba/se/impl/corba/AnyImpl$AnyOutputStream> No superclass found for <Primordial,Lcom/sun/corba/se/impl/encoding/CDROutputStream> Superclass name Lorg/omg/CORBA_2_3/portable/OutputStream
9. [Moderate] class com.ibm.wala.ipa.cha.ClassHierarchy$ClassExclusion : <Primordial,Lcom/sun/corba/se/impl/corba/AnyImpl> No superclass found for <Primordial,Lcom/sun/corba/se/impl/corba/AnyImpl> Superclass name Lorg/omg/CORBA/Any
10. [Moderate] class com.ibm.wala.ipa.cha.ClassHierarchy$ClassExclusion : <Primordial,Lcom/sun/corba/se/impl/corba/CORBAObjectImpl> No superclass found for <Primordial,Lcom/sun/corba/se/impl/corba/CORBAObjectImpl> Superclass name Lorg/omg/CORBA_2_3/portable/ObjectImpl
11. [Moderate] class com.ibm.wala.ipa.cha.ClassHierarchy$ClassExclusion : <Primordial,Lcom/sun/corba/se/impl/corba/ContextImpl> No superclass found for <Primordial,Lcom/sun/corba/se/impl/corba/ContextImpl> Superclass name Lorg/omg/CORBA/Context
12. [Moderate] class com.ibm.wala.ipa.cha.ClassHierarchy$ClassExclusion : <Primordial,Lcom/sun/corba/se/impl/corba/ContextListImpl> No superclass found for <Primordial,Lcom/sun/corba/se/impl/corba/ContextListImpl> Superclass name Lorg/omg/CORBA/ContextList
13. [Moderate] class com.ibm.wala.ipa.cha.ClassHierarchy$ClassExclusion : <Primordial,Lcom/sun/corba/se/impl/corba/EnvironmentImpl> No superclass found for <Primordial,Lcom/sun/corba/se/impl/corba/EnvironmentImpl> Superclass name Lorg/omg/CORBA/Environment
14. [Moderate] class com.ibm.wala.ipa.cha.ClassHierarchy$ClassExclusion : <Primordial,Lcom/sun/corba/se/impl/corba/ExceptionListImpl> No superclass found for <Primordial,Lcom/sun/corba/se/impl/corba/ExceptionListImpl> Superclass name Lorg/omg/CORBA/ExceptionList
15. [Moderate] class com.ibm.wala.ipa.cha.ClassHierarchy$ClassExclusion : <Primordial,Lcom/sun/corba/se/impl/corba/NVListImpl> No superclass found for <Primordial,Lcom/sun/corba/se/impl/corba/NVListImpl> Superclass name Lorg/omg/CORBA/NVList
16. [Moderate] class com.ibm.wala.ipa.cha.ClassHierarchy$ClassExclusion : <Primordial,Lcom/sun/corba/se/impl/corba/NamedValueImpl> No superclass found for <Primordial,Lcom/sun/corba/se/impl/corba/NamedValueImpl> Superclass name Lorg/omg/CORBA/NamedValue
17. [Moderate] class com.ibm.wala.ipa.cha.ClassHierarchy$ClassExclusion : <Primordial,Lcom/sun/corba/se/impl/corba/PrincipalImpl> No superclass found for <Primordial,Lcom/sun/corba/se/impl/corba/PrincipalImpl> Superclass name Lorg/omg/CORBA/Principal
18. [Moderate] class com.ibm.wala.ipa.cha.ClassHierarchy$ClassExclusion : <Primordial,Lcom/sun/corba/se/impl/corba/RequestImpl> No superclass found for <Primordial,Lcom/sun/corba/se/impl/corba/RequestImpl> Superclass name Lorg/omg/CORBA/Request
19. [Moderate] class com.ibm.wala.ipa.cha.ClassHierarchy$ClassExclusion : <Primordial,Lcom/sun/corba/se/impl/corba/ServerRequestImpl> No superclass found for <Primordial,Lcom/sun/corba/se/impl/corba/ServerRequestImpl> Superclass name Lorg/omg/CORBA/ServerRequest
20. [Moderate] class com.ibm.wala.ipa.cha.ClassHierarchy$ClassExclusion : <Primordial,Lcom/sun/corba/se/impl/corba/TypeCodeImpl> No superclass found for <Primordial,Lcom/sun/corba/se/impl/corba/TypeCodeImpl> Superclass name Lorg/omg/CORBA/TypeCode
21. [Moderate] class com.ibm.wala.ipa.cha.ClassHierarchy$ClassExclusion : <Primordial,Lcom/sun/corba/se/impl/dynamicany/DynAnyBasicImpl> No superclass found for <Primordial,Lcom/sun/corba/se/impl/dynamicany/DynAnyImpl> Superclass name Lorg/omg/CORBA/LocalObject
22. [Moderate] class com.ibm.wala.ipa.cha.ClassHierarchy$ClassExclusion : <Primordial,Lcom/sun/corba/se/impl/dynamicany/DynAnyCollectionImpl> No superclass found for <Primordial,Lcom/sun/corba/se/impl/dynamicany/DynAnyImpl> Superclass name Lorg/omg/CORBA/LocalObject
23. [Moderate] class com.ibm.wala.ipa.cha.ClassHierarchy$ClassExclusion : <Primordial,Lcom/sun/corba/se/impl/dynamicany/DynAnyComplexImpl> No superclass found for <Primordial,Lcom/sun/corba/se/impl/dynamicany/DynAnyImpl> Superclass name Lorg/omg/CORBA/LocalObject
24. [Moderate] class com.ibm.wala.ipa.cha.ClassHierarchy$ClassExclusion : <Primordial,Lcom/sun/corba/se/impl/dynamicany/DynAnyConstructedImpl> No superclass found for <Primordial,Lcom/sun/corba/se/impl/dynamicany/DynAnyImpl> Superclass name Lorg/omg/CORBA/LocalObject
25. [Moderate] class com.ibm.wala.ipa.cha.ClassHierarchy$ClassExclusion : <Primordial,Lcom/sun/corba/se/impl/dynamicany/DynAnyFactoryImpl> No superclass found for <Primordial,Lcom/sun/corba/se/impl/dynamicany/DynAnyFactoryImpl> Superclass name Lorg/omg/CORBA/LocalObject
26. [Moderate] class com.ibm.wala.ipa.cha.ClassHierarchy$ClassExclusion : <Primordial,Lcom/sun/corba/se/impl/dynamicany/DynAnyImpl> No superclass found for <Primordial,Lcom/sun/corba/se/impl/dynamicany/DynAnyImpl> Superclass name Lorg/omg/CORBA/LocalObject
27. [Moderate] class com.ibm.wala.ipa.cha.ClassHierarchy$ClassExclusion : <Primordial,Lcom/sun/corba/se/impl/dynamicany/DynArrayImpl> No superclass found for <Primordial,Lcom/sun/corba/se/impl/dynamicany/DynAnyImpl> Superclass name Lorg/omg/CORBA/LocalObject
28. [Moderate] class com.ibm.wala.ipa.cha.ClassHierarchy$ClassExclusion : <Primordial,Lcom/sun/corba/se/impl/dynamicany/DynEnumImpl> No superclass found for <Primordial,Lcom/sun/corba/se/impl/dynamicany/DynAnyImpl> Superclass name Lorg/omg/CORBA/LocalObject
29. [Moderate] class com.ibm.wala.ipa.cha.ClassHierarchy$ClassExclusion : <Primordial,Lcom/sun/corba/se/impl/dynamicany/DynFixedImpl> No superclass found for <Primordial,Lcom/sun/corba/se/impl/dynamicany/DynAnyImpl> Superclass name Lorg/omg/CORBA/LocalObject
30. [Moderate] class com.ibm.wala.ipa.cha.ClassHierarchy$ClassExclusion : <Primordial,Lcom/sun/corba/se/impl/dynamicany/DynSequenceImpl> No superclass found for <Primordial,Lcom/sun/corba/se/impl/dynamicany/DynAnyImpl> Superclass name Lorg/omg/CORBA/LocalObject
31. [Moderate] class com.ibm.wala.ipa.cha.ClassHierarchy$ClassExclusion : <Primordial,Lcom/sun/corba/se/impl/dynamicany/DynStructImpl> No superclass found for <Primordial,Lcom/sun/corba/se/impl/dynamicany/DynAnyImpl> Superclass name Lorg/omg/CORBA/LocalObject
32. [Moderate] class com.ibm.wala.ipa.cha.ClassHierarchy$ClassExclusion : <Primordial,Lcom/sun/corba/se/impl/dynamicany/DynUnionImpl> No superclass found for <Primordial,Lcom/sun/corba/se/impl/dynamicany/DynAnyImpl> Superclass name Lorg/omg/CORBA/LocalObject
33. [Moderate] class com.ibm.wala.ipa.cha.ClassHierarchy$ClassExclusion : <Primordial,Lcom/sun/corba/se/impl/dynamicany/DynValueBoxImpl> No superclass found for <Primordial,Lcom/sun/corba/se/impl/dynamicany/DynAnyImpl> Superclass name Lorg/omg/CORBA/LocalObject
34. [Moderate] class com.ibm.wala.ipa.cha.ClassHierarchy$ClassExclusion : <Primordial,Lcom/sun/corba/se/impl/dynamicany/DynValueCommonImpl> No superclass found for <Primordial,Lcom/sun/corba/se/impl/dynamicany/DynAnyImpl> Superclass name Lorg/omg/CORBA/LocalObject
35. [Moderate] class com.ibm.wala.ipa.cha.ClassHierarchy$ClassExclusion : <Primordial,Lcom/sun/corba/se/impl/dynamicany/DynValueImpl> No superclass found for <Primordial,Lcom/sun/corba/se/impl/dynamicany/DynAnyImpl> Superclass name Lorg/omg/CORBA/LocalObject
36. [Moderate] class com.ibm.wala.ipa.cha.ClassHierarchy$ClassExclusion : <Primordial,Lcom/sun/corba/se/impl/encoding/CDRInputObject> No superclass found for <Primordial,Lcom/sun/corba/se/impl/encoding/CDRInputStream> Superclass name Lorg/omg/CORBA_2_3/portable/InputStream
37. [Moderate] class com.ibm.wala.ipa.cha.ClassHierarchy$ClassExclusion : <Primordial,Lcom/sun/corba/se/impl/encoding/CDRInputStream> No superclass found for <Primordial,Lcom/sun/corba/se/impl/encoding/CDRInputStream> Superclass name Lorg/omg/CORBA_2_3/portable/InputStream
38. [Moderate] class com.ibm.wala.ipa.cha.ClassHierarchy$ClassExclusion : <Primordial,Lcom/sun/corba/se/impl/encoding/CDROutputObject> No superclass found for <Primordial,Lcom/sun/corba/se/impl/encoding/CDROutputStream> Superclass name Lorg/omg/CORBA_2_3/portable/OutputStream
39. [Moderate] class com.ibm.wala.ipa.cha.ClassHierarchy$ClassExclusion : <Primordial,Lcom/sun/corba/se/impl/encoding/CDROutputStream> No superclass found for <Primordial,Lcom/sun/corba/se/impl/encoding/CDROutputStream> Superclass name Lorg/omg/CORBA_2_3/portable/OutputStream
40. [Moderate] class com.ibm.wala.ipa.cha.ClassHierarchy$ClassExclusion : <Primordial,Lcom/sun/corba/se/impl/encoding/CachedCodeBase> No superclass found for <Primordial,Lcom/sun/org/omg/SendingContext/_CodeBaseImplBase> Superclass name Lorg/omg/CORBA/portable/ObjectImpl
41. [Moderate] class com.ibm.wala.ipa.cha.ClassHierarchy$ClassExclusion : <Primordial,Lcom/sun/corba/se/impl/encoding/EncapsInputStream> No superclass found for <Primordial,Lcom/sun/corba/se/impl/encoding/CDRInputStream> Superclass name Lorg/omg/CORBA_2_3/portable/InputStream
42. [Moderate] class com.ibm.wala.ipa.cha.ClassHierarchy$ClassExclusion : <Primordial,Lcom/sun/corba/se/impl/encoding/EncapsOutputStream> No superclass found for <Primordial,Lcom/sun/corba/se/impl/encoding/CDROutputStream> Superclass name Lorg/omg/CORBA_2_3/portable/OutputStream
43. [Moderate] class com.ibm.wala.ipa.cha.ClassHierarchy$ClassExclusion : <Primordial,Lcom/sun/corba/se/impl/encoding/TypeCodeInputStream> No superclass found for <Primordial,Lcom/sun/corba/se/impl/encoding/CDRInputStream> Superclass name Lorg/omg/CORBA_2_3/portable/InputStream
44. [Moderate] class com.ibm.wala.ipa.cha.ClassHierarchy$ClassExclusion : <Primordial,Lcom/sun/corba/se/impl/encoding/TypeCodeOutputStream> No superclass found for <Primordial,Lcom/sun/corba/se/impl/encoding/CDROutputStream> Superclass name Lorg/omg/CORBA_2_3/portable/OutputStream
45. [Moderate] class com.ibm.wala.ipa.cha.ClassHierarchy$ClassExclusion : <Primordial,Lcom/sun/corba/se/impl/encoding/WrapperInputStream> No superclass found for <Primordial,Lcom/sun/corba/se/impl/encoding/WrapperInputStream> Superclass name Lorg/omg/CORBA_2_3/portable/InputStream
46. [Moderate] class com.ibm.wala.ipa.cha.ClassHierarchy$ClassExclusion : <Primordial,Lcom/sun/corba/se/impl/interceptors/CDREncapsCodec> No superclass found for <Primordial,Lcom/sun/corba/se/impl/interceptors/CDREncapsCodec> Superclass name Lorg/omg/CORBA/LocalObject
47. [Moderate] class com.ibm.wala.ipa.cha.ClassHierarchy$ClassExclusion : <Primordial,Lcom/sun/corba/se/impl/interceptors/ClientRequestInfoImpl> No superclass found for <Primordial,Lcom/sun/corba/se/impl/interceptors/RequestInfoImpl> Superclass name Lorg/omg/CORBA/LocalObject
48. [Moderate] class com.ibm.wala.ipa.cha.ClassHierarchy$ClassExclusion : <Primordial,Lcom/sun/corba/se/impl/interceptors/CodecFactoryImpl> No superclass found for <Primordial,Lcom/sun/corba/se/impl/interceptors/CodecFactoryImpl> Superclass name Lorg/omg/CORBA/LocalObject
49. [Moderate] class com.ibm.wala.ipa.cha.ClassHierarchy$ClassExclusion : <Primordial,Lcom/sun/corba/se/impl/interceptors/IORInfoImpl> No superclass found for <Primordial,Lcom/sun/corba/se/impl/interceptors/IORInfoImpl> Superclass name Lorg/omg/CORBA/LocalObject
50. [Moderate] class com.ibm.wala.ipa.cha.ClassHierarchy$ClassExclusion : <Primordial,Lcom/sun/corba/se/impl/interceptors/ORBInitInfoImpl> No superclass found for <Primordial,Lcom/sun/corba/se/impl/interceptors/ORBInitInfoImpl> Superclass name Lorg/omg/CORBA/LocalObject
51. [Moderate] class com.ibm.wala.ipa.cha.ClassHierarchy$ClassExclusion : <Primordial,Lcom/sun/corba/se/impl/interceptors/PICurrent> No superclass found for <Primordial,Lcom/sun/corba/se/impl/interceptors/PICurrent> Superclass name Lorg/omg/CORBA/LocalObject
52. [Moderate] class com.ibm.wala.ipa.cha.ClassHierarchy$ClassExclusion : <Primordial,Lcom/sun/corba/se/impl/interceptors/RequestInfoImpl> No superclass found for <Primordial,Lcom/sun/corba/se/impl/interceptors/RequestInfoImpl> Superclass name Lorg/omg/CORBA/LocalObject
53. [Moderate] class com.ibm.wala.ipa.cha.ClassHierarchy$ClassExclusion : <Primordial,Lcom/sun/corba/se/impl/interceptors/ServerRequestInfoImpl> No superclass found for <Primordial,Lcom/sun/corba/se/impl/interceptors/RequestInfoImpl> Superclass name Lorg/omg/CORBA/LocalObject
54. [Moderate] class com.ibm.wala.ipa.cha.ClassHierarchy$ClassExclusion : <Primordial,Lcom/sun/corba/se/impl/io/FVDCodeBaseImpl> No superclass found for <Primordial,Lcom/sun/org/omg/SendingContext/_CodeBaseImplBase> Superclass name Lorg/omg/CORBA/portable/ObjectImpl
55. [Moderate] class com.ibm.wala.ipa.cha.ClassHierarchy$ClassExclusion : <Primordial,Lcom/sun/corba/se/impl/naming/cosnaming/BindingIteratorImpl> No superclass found for <Primordial,Lcom/sun/corba/se/impl/naming/cosnaming/BindingIteratorImpl> Superclass name Lorg/omg/CosNaming/BindingIteratorPOA
56. [Moderate] class com.ibm.wala.ipa.cha.ClassHierarchy$ClassExclusion : <Primordial,Lcom/sun/corba/se/impl/naming/cosnaming/NamingContextImpl> No superclass found for <Primordial,Lcom/sun/corba/se/impl/naming/cosnaming/NamingContextImpl> Superclass name Lorg/omg/CosNaming/NamingContextExtPOA
57. [Moderate] class com.ibm.wala.ipa.cha.ClassHierarchy$ClassExclusion : <Primordial,Lcom/sun/corba/se/impl/naming/cosnaming/TransientBindingIterator> No superclass found for <Primordial,Lcom/sun/corba/se/impl/naming/cosnaming/BindingIteratorImpl> Superclass name Lorg/omg/CosNaming/BindingIteratorPOA
58. [Moderate] class com.ibm.wala.ipa.cha.ClassHierarchy$ClassExclusion : <Primordial,Lcom/sun/corba/se/impl/naming/cosnaming/TransientNamingContext> No superclass found for <Primordial,Lcom/sun/corba/se/impl/naming/cosnaming/NamingContextImpl> Superclass name Lorg/omg/CosNaming/NamingContextExtPOA
59. [Moderate] class com.ibm.wala.ipa.cha.ClassHierarchy$ClassExclusion : <Primordial,Lcom/sun/corba/se/impl/naming/pcosnaming/NamingContextImpl> No superclass found for <Primordial,Lcom/sun/corba/se/impl/naming/pcosnaming/NamingContextImpl> Superclass name Lorg/omg/CosNaming/NamingContextExtPOA
60. [Moderate] class com.ibm.wala.ipa.cha.ClassHierarchy$ClassExclusion : <Primordial,Lcom/sun/corba/se/impl/naming/pcosnaming/PersistentBindingIterator> No superclass found for <Primordial,Lcom/sun/corba/se/impl/naming/cosnaming/BindingIteratorImpl> Superclass name Lorg/omg/CosNaming/BindingIteratorPOA
61. [Moderate] class com.ibm.wala.ipa.cha.ClassHierarchy$ClassExclusion : <Primordial,Lcom/sun/corba/se/impl/naming/pcosnaming/ServantManagerImpl> No superclass found for <Primordial,Lcom/sun/corba/se/impl/naming/pcosnaming/ServantManagerImpl> Superclass name Lorg/omg/CORBA/LocalObject
62. [Moderate] class com.ibm.wala.ipa.cha.ClassHierarchy$ClassExclusion : <Primordial,Lcom/sun/corba/se/impl/oa/poa/IdAssignmentPolicyImpl> No superclass found for <Primordial,Lcom/sun/corba/se/impl/oa/poa/IdAssignmentPolicyImpl> Superclass name Lorg/omg/CORBA/LocalObject
63. [Moderate] class com.ibm.wala.ipa.cha.ClassHierarchy$ClassExclusion : <Primordial,Lcom/sun/corba/se/impl/oa/poa/IdUniquenessPolicyImpl> No superclass found for <Primordial,Lcom/sun/corba/se/impl/oa/poa/IdUniquenessPolicyImpl> Superclass name Lorg/omg/CORBA/LocalObject
64. [Moderate] class com.ibm.wala.ipa.cha.ClassHierarchy$ClassExclusion : <Primordial,Lcom/sun/corba/se/impl/oa/poa/ImplicitActivationPolicyImpl> No superclass found for <Primordial,Lcom/sun/corba/se/impl/oa/poa/ImplicitActivationPolicyImpl> Superclass name Lorg/omg/CORBA/LocalObject
65. [Moderate] class com.ibm.wala.ipa.cha.ClassHierarchy$ClassExclusion : <Primordial,Lcom/sun/corba/se/impl/oa/poa/LifespanPolicyImpl> No superclass found for <Primordial,Lcom/sun/corba/se/impl/oa/poa/LifespanPolicyImpl> Superclass name Lorg/omg/CORBA/LocalObject
66. [Moderate] class com.ibm.wala.ipa.cha.ClassHierarchy$ClassExclusion : <Primordial,Lcom/sun/corba/se/impl/oa/poa/POACurrent> No superclass found for <Primordial,Lcom/sun/corba/se/impl/oa/poa/POACurrent> Superclass name Lorg/omg/CORBA/portable/ObjectImpl
67. [Moderate] class com.ibm.wala.ipa.cha.ClassHierarchy$ClassExclusion : <Primordial,Lcom/sun/corba/se/impl/oa/poa/POAImpl> No superclass found for <Primordial,Lcom/sun/corba/se/spi/oa/ObjectAdapterBase> Superclass name Lorg/omg/CORBA/LocalObject
68. [Moderate] class com.ibm.wala.ipa.cha.ClassHierarchy$ClassExclusion : <Primordial,Lcom/sun/corba/se/impl/oa/poa/POAManagerImpl> No superclass found for <Primordial,Lcom/sun/corba/se/impl/oa/poa/POAManagerImpl> Superclass name Lorg/omg/CORBA/LocalObject
69. [Moderate] class com.ibm.wala.ipa.cha.ClassHierarchy$ClassExclusion : <Primordial,Lcom/sun/corba/se/impl/oa/poa/RequestProcessingPolicyImpl> No superclass found for <Primordial,Lcom/sun/corba/se/impl/oa/poa/RequestProcessingPolicyImpl> Superclass name Lorg/omg/CORBA/LocalObject
70. [Moderate] class com.ibm.wala.ipa.cha.ClassHierarchy$ClassExclusion : <Primordial,Lcom/sun/corba/se/impl/oa/poa/ServantRetentionPolicyImpl> No superclass found for <Primordial,Lcom/sun/corba/se/impl/oa/poa/ServantRetentionPolicyImpl> Superclass name Lorg/omg/CORBA/LocalObject
71. [Moderate] class com.ibm.wala.ipa.cha.ClassHierarchy$ClassExclusion : <Primordial,Lcom/sun/corba/se/impl/oa/poa/ThreadPolicyImpl> No superclass found for <Primordial,Lcom/sun/corba/se/impl/oa/poa/ThreadPolicyImpl> Superclass name Lorg/omg/CORBA/LocalObject
72. [Moderate] class com.ibm.wala.ipa.cha.ClassHierarchy$ClassExclusion : <Primordial,Lcom/sun/corba/se/impl/oa/toa/TOAImpl> No superclass found for <Primordial,Lcom/sun/corba/se/spi/oa/ObjectAdapterBase> Superclass name Lorg/omg/CORBA/LocalObject
73. [Moderate] class com.ibm.wala.ipa.cha.ClassHierarchy$ClassExclusion : <Primordial,Lcom/sun/corba/se/impl/orb/ORBImpl> No superclass found for <Primordial,Lcom/sun/corba/se/org/omg/CORBA/ORB> Superclass name Lorg/omg/CORBA_2_3/ORB
74. [Moderate] class com.ibm.wala.ipa.cha.ClassHierarchy$ClassExclusion : <Primordial,Lcom/sun/corba/se/impl/orb/ORBSingleton> No superclass found for <Primordial,Lcom/sun/corba/se/org/omg/CORBA/ORB> Superclass name Lorg/omg/CORBA_2_3/ORB
75. [Moderate] class com.ibm.wala.ipa.cha.ClassHierarchy$ClassExclusion : <Primordial,Lcom/sun/corba/se/impl/orb/ParserTable$TestORBInitializer1> No superclass found for <Primordial,Lcom/sun/corba/se/impl/orb/ParserTable$TestORBInitializer1> Superclass name Lorg/omg/CORBA/LocalObject
76. [Moderate] class com.ibm.wala.ipa.cha.ClassHierarchy$ClassExclusion : <Primordial,Lcom/sun/corba/se/impl/orb/ParserTable$TestORBInitializer2> No superclass found for <Primordial,Lcom/sun/corba/se/impl/orb/ParserTable$TestORBInitializer2> Superclass name Lorg/omg/CORBA/LocalObject
77. [Moderate] class com.ibm.wala.ipa.cha.ClassHierarchy$ClassExclusion : <Primordial,Lcom/sun/corba/se/impl/presentation/rmi/DynamicStubImpl> No superclass found for <Primordial,Lcom/sun/corba/se/impl/presentation/rmi/DynamicStubImpl> Superclass name Lorg/omg/CORBA_2_3/portable/ObjectImpl
78. [Moderate] class com.ibm.wala.ipa.cha.ClassHierarchy$ClassExclusion : <Primordial,Lcom/sun/corba/se/impl/presentation/rmi/ReflectiveTie> No superclass found for <Primordial,Lcom/sun/corba/se/impl/presentation/rmi/ReflectiveTie> Superclass name Lorg/omg/PortableServer/Servant
79. [Moderate] class com.ibm.wala.ipa.cha.ClassHierarchy$ClassExclusion : <Primordial,Lcom/sun/corba/se/impl/protocol/CorbaClientDelegateImpl> No superclass found for <Primordial,Lcom/sun/corba/se/spi/protocol/CorbaClientDelegate> Superclass name Lorg/omg/CORBA_2_3/portable/Delegate
80. [Moderate] class com.ibm.wala.ipa.cha.ClassHierarchy$ClassExclusion : <Primordial,Lcom/sun/corba/se/internal/Interceptors/PIORB> No superclass found for <Primordial,Lcom/sun/corba/se/org/omg/CORBA/ORB> Superclass name Lorg/omg/CORBA_2_3/ORB
81. [Moderate] class com.ibm.wala.ipa.cha.ClassHierarchy$ClassExclusion : <Primordial,Lcom/sun/corba/se/internal/POA/POAORB> No superclass found for <Primordial,Lcom/sun/corba/se/org/omg/CORBA/ORB> Superclass name Lorg/omg/CORBA_2_3/ORB
82. [Moderate] class com.ibm.wala.ipa.cha.ClassHierarchy$ClassExclusion : <Primordial,Lcom/sun/corba/se/internal/corba/ORBSingleton> No superclass found for <Primordial,Lcom/sun/corba/se/org/omg/CORBA/ORB> Superclass name Lorg/omg/CORBA_2_3/ORB
83. [Moderate] class com.ibm.wala.ipa.cha.ClassHierarchy$ClassExclusion : <Primordial,Lcom/sun/corba/se/internal/iiop/ORB> No superclass found for <Primordial,Lcom/sun/corba/se/org/omg/CORBA/ORB> Superclass name Lorg/omg/CORBA_2_3/ORB
84. [Moderate] class com.ibm.wala.ipa.cha.ClassHierarchy$ClassExclusion : <Primordial,Lcom/sun/corba/se/org/omg/CORBA/ORB> No superclass found for <Primordial,Lcom/sun/corba/se/org/omg/CORBA/ORB> Superclass name Lorg/omg/CORBA_2_3/ORB
85. [Moderate] class com.ibm.wala.ipa.cha.ClassHierarchy$ClassExclusion : <Primordial,Lcom/sun/corba/se/spi/activation/BadServerDefinition> No superclass found for <Primordial,Lcom/sun/corba/se/spi/activation/BadServerDefinition> Superclass name Lorg/omg/CORBA/UserException
86. [Moderate] class com.ibm.wala.ipa.cha.ClassHierarchy$ClassExclusion : <Primordial,Lcom/sun/corba/se/spi/activation/InitialNameServicePackage/NameAlreadyBound> No superclass found for <Primordial,Lcom/sun/corba/se/spi/activation/InitialNameServicePackage/NameAlreadyBound> Superclass name Lorg/omg/CORBA/UserException
87. [Moderate] class com.ibm.wala.ipa.cha.ClassHierarchy$ClassExclusion : <Primordial,Lcom/sun/corba/se/spi/activation/InvalidORBid> No superclass found for <Primordial,Lcom/sun/corba/se/spi/activation/InvalidORBid> Superclass name Lorg/omg/CORBA/UserException
88. [Moderate] class com.ibm.wala.ipa.cha.ClassHierarchy$ClassExclusion : <Primordial,Lcom/sun/corba/se/spi/activation/NoSuchEndPoint> No superclass found for <Primordial,Lcom/sun/corba/se/spi/activation/NoSuchEndPoint> Superclass name Lorg/omg/CORBA/UserException
89. [Moderate] class com.ibm.wala.ipa.cha.ClassHierarchy$ClassExclusion : <Primordial,Lcom/sun/corba/se/spi/activation/ORBAlreadyRegistered> No superclass found for <Primordial,Lcom/sun/corba/se/spi/activation/ORBAlreadyRegistered> Superclass name Lorg/omg/CORBA/UserException
90. [Moderate] class com.ibm.wala.ipa.cha.ClassHierarchy$ClassExclusion : <Primordial,Lcom/sun/corba/se/spi/activation/ServerAlreadyActive> No superclass found for <Primordial,Lcom/sun/corba/se/spi/activation/ServerAlreadyActive> Superclass name Lorg/omg/CORBA/UserException
91. [Moderate] class com.ibm.wala.ipa.cha.ClassHierarchy$ClassExclusion : <Primordial,Lcom/sun/corba/se/spi/activation/ServerAlreadyInstalled> No superclass found for <Primordial,Lcom/sun/corba/se/spi/activation/ServerAlreadyInstalled> Superclass name Lorg/omg/CORBA/UserException
92. [Moderate] class com.ibm.wala.ipa.cha.ClassHierarchy$ClassExclusion : <Primordial,Lcom/sun/corba/se/spi/activation/ServerAlreadyRegistered> No superclass found for <Primordial,Lcom/sun/corba/se/spi/activation/ServerAlreadyRegistered> Superclass name Lorg/omg/CORBA/UserException
93. [Moderate] class com.ibm.wala.ipa.cha.ClassHierarchy$ClassExclusion : <Primordial,Lcom/sun/corba/se/spi/activation/ServerAlreadyUninstalled> No superclass found for <Primordial,Lcom/sun/corba/se/spi/activation/ServerAlreadyUninstalled> Superclass name Lorg/omg/CORBA/UserException
94. [Moderate] class com.ibm.wala.ipa.cha.ClassHierarchy$ClassExclusion : <Primordial,Lcom/sun/corba/se/spi/activation/ServerHeldDown> No superclass found for <Primordial,Lcom/sun/corba/se/spi/activation/ServerHeldDown> Superclass name Lorg/omg/CORBA/UserException
95. [Moderate] class com.ibm.wala.ipa.cha.ClassHierarchy$ClassExclusion : <Primordial,Lcom/sun/corba/se/spi/activation/ServerNotActive> No superclass found for <Primordial,Lcom/sun/corba/se/spi/activation/ServerNotActive> Superclass name Lorg/omg/CORBA/UserException
96. [Moderate] class com.ibm.wala.ipa.cha.ClassHierarchy$ClassExclusion : <Primordial,Lcom/sun/corba/se/spi/activation/ServerNotRegistered> No superclass found for <Primordial,Lcom/sun/corba/se/spi/activation/ServerNotRegistered> Superclass name Lorg/omg/CORBA/UserException
97. [Moderate] class com.ibm.wala.ipa.cha.ClassHierarchy$ClassExclusion : <Primordial,Lcom/sun/corba/se/spi/activation/_ActivatorImplBase> No superclass found for <Primordial,Lcom/sun/corba/se/spi/activation/_ActivatorImplBase> Superclass name Lorg/omg/CORBA/portable/ObjectImpl
98. [Moderate] class com.ibm.wala.ipa.cha.ClassHierarchy$ClassExclusion : <Primordial,Lcom/sun/corba/se/spi/activation/_ActivatorStub> No superclass found for <Primordial,Lcom/sun/corba/se/spi/activation/_ActivatorStub> Superclass name Lorg/omg/CORBA/portable/ObjectImpl
99. [Moderate] class com.ibm.wala.ipa.cha.ClassHierarchy$ClassExclusion : <Primordial,Lcom/sun/corba/se/spi/activation/_InitialNameServiceImplBase> No superclass found for <Primordial,Lcom/sun/corba/se/spi/activation/_InitialNameServiceImplBase> Superclass name Lorg/omg/CORBA/portable/ObjectImpl
100. [Moderate] class com.ibm.wala.ipa.cha.ClassHierarchy$ClassExclusion : <Primordial,Lcom/sun/corba/se/spi/activation/_InitialNameServiceStub> No superclass found for <Primordial,Lcom/sun/corba/se/spi/activation/_InitialNameServiceStub> Superclass name Lorg/omg/CORBA/portable/ObjectImpl
101. [Moderate] class com.ibm.wala.ipa.cha.ClassHierarchy$ClassExclusion : <Primordial,Lcom/sun/corba/se/spi/activation/_LocatorImplBase> No superclass found for <Primordial,Lcom/sun/corba/se/spi/activation/_LocatorImplBase> Superclass name Lorg/omg/CORBA/portable/ObjectImpl
102. [Moderate] class com.ibm.wala.ipa.cha.ClassHierarchy$ClassExclusion : <Primordial,Lcom/sun/corba/se/spi/activation/_LocatorStub> No superclass found for <Primordial,Lcom/sun/corba/se/spi/activation/_LocatorStub> Superclass name Lorg/omg/CORBA/portable/ObjectImpl
103. [Moderate] class com.ibm.wala.ipa.cha.ClassHierarchy$ClassExclusion : <Primordial,Lcom/sun/corba/se/spi/activation/_RepositoryImplBase> No superclass found for <Primordial,Lcom/sun/corba/se/spi/activation/_RepositoryImplBase> Superclass name Lorg/omg/CORBA/portable/ObjectImpl
104. [Moderate] class com.ibm.wala.ipa.cha.ClassHierarchy$ClassExclusion : <Primordial,Lcom/sun/corba/se/spi/activation/_RepositoryStub> No superclass found for <Primordial,Lcom/sun/corba/se/spi/activation/_RepositoryStub> Superclass name Lorg/omg/CORBA/portable/ObjectImpl
105. [Moderate] class com.ibm.wala.ipa.cha.ClassHierarchy$ClassExclusion : <Primordial,Lcom/sun/corba/se/spi/activation/_ServerImplBase> No superclass found for <Primordial,Lcom/sun/corba/se/spi/activation/_ServerImplBase> Superclass name Lorg/omg/CORBA/portable/ObjectImpl
106. [Moderate] class com.ibm.wala.ipa.cha.ClassHierarchy$ClassExclusion : <Primordial,Lcom/sun/corba/se/spi/activation/_ServerManagerImplBase> No superclass found for <Primordial,Lcom/sun/corba/se/spi/activation/_ServerManagerImplBase> Superclass name Lorg/omg/CORBA/portable/ObjectImpl
107. [Moderate] class com.ibm.wala.ipa.cha.ClassHierarchy$ClassExclusion : <Primordial,Lcom/sun/corba/se/spi/activation/_ServerManagerStub> No superclass found for <Primordial,Lcom/sun/corba/se/spi/activation/_ServerManagerStub> Superclass name Lorg/omg/CORBA/portable/ObjectImpl
108. [Moderate] class com.ibm.wala.ipa.cha.ClassHierarchy$ClassExclusion : <Primordial,Lcom/sun/corba/se/spi/activation/_ServerStub> No superclass found for <Primordial,Lcom/sun/corba/se/spi/activation/_ServerStub> Superclass name Lorg/omg/CORBA/portable/ObjectImpl
109. [Moderate] class com.ibm.wala.ipa.cha.ClassHierarchy$ClassExclusion : <Primordial,Lcom/sun/corba/se/spi/encoding/CorbaInputObject> No superclass found for <Primordial,Lcom/sun/corba/se/impl/encoding/CDRInputStream> Superclass name Lorg/omg/CORBA_2_3/portable/InputStream
110. [Moderate] class com.ibm.wala.ipa.cha.ClassHierarchy$ClassExclusion : <Primordial,Lcom/sun/corba/se/spi/encoding/CorbaOutputObject> No superclass found for <Primordial,Lcom/sun/corba/se/impl/encoding/CDROutputStream> Superclass name Lorg/omg/CORBA_2_3/portable/OutputStream
111. [Moderate] class com.ibm.wala.ipa.cha.ClassHierarchy$ClassExclusion : <Primordial,Lcom/sun/corba/se/spi/extension/CopyObjectPolicy> No superclass found for <Primordial,Lcom/sun/corba/se/spi/extension/CopyObjectPolicy> Superclass name Lorg/omg/CORBA/LocalObject
112. [Moderate] class com.ibm.wala.ipa.cha.ClassHierarchy$ClassExclusion : <Primordial,Lcom/sun/corba/se/spi/extension/RequestPartitioningPolicy> No superclass found for <Primordial,Lcom/sun/corba/se/spi/extension/RequestPartitioningPolicy> Superclass name Lorg/omg/CORBA/LocalObject
113. [Moderate] class com.ibm.wala.ipa.cha.ClassHierarchy$ClassExclusion : <Primordial,Lcom/sun/corba/se/spi/extension/ServantCachingPolicy> No superclass found for <Primordial,Lcom/sun/corba/se/spi/extension/ServantCachingPolicy> Superclass name Lorg/omg/CORBA/LocalObject
114. [Moderate] class com.ibm.wala.ipa.cha.ClassHierarchy$ClassExclusion : <Primordial,Lcom/sun/corba/se/spi/extension/ZeroPortPolicy> No superclass found for <Primordial,Lcom/sun/corba/se/spi/extension/ZeroPortPolicy> Superclass name Lorg/omg/CORBA/LocalObject
115. [Moderate] class com.ibm.wala.ipa.cha.ClassHierarchy$ClassExclusion : <Primordial,Lcom/sun/corba/se/spi/oa/OAInvocationInfo> No superclass found for <Primordial,Lcom/sun/corba/se/spi/oa/OAInvocationInfo> Superclass name Lorg/omg/CORBA/portable/ServantObject
116. [Moderate] class com.ibm.wala.ipa.cha.ClassHierarchy$ClassExclusion : <Primordial,Lcom/sun/corba/se/spi/oa/ObjectAdapterBase> No superclass found for <Primordial,Lcom/sun/corba/se/spi/oa/ObjectAdapterBase> Superclass name Lorg/omg/CORBA/LocalObject
117. [Moderate] class com.ibm.wala.ipa.cha.ClassHierarchy$ClassExclusion : <Primordial,Lcom/sun/corba/se/spi/orb/ORB> No superclass found for <Primordial,Lcom/sun/corba/se/org/omg/CORBA/ORB> Superclass name Lorg/omg/CORBA_2_3/ORB
118. [Moderate] class com.ibm.wala.ipa.cha.ClassHierarchy$ClassExclusion : <Primordial,Lcom/sun/corba/se/spi/protocol/CorbaClientDelegate> No superclass found for <Primordial,Lcom/sun/corba/se/spi/protocol/CorbaClientDelegate> Superclass name Lorg/omg/CORBA_2_3/portable/Delegate
119. [Moderate] class com.ibm.wala.ipa.cha.ClassHierarchy$ClassExclusion : <Primordial,Lcom/sun/jmx/remote/protocol/iiop/ProxyInputStream> No superclass found for <Primordial,Lcom/sun/jmx/remote/protocol/iiop/ProxyInputStream> Superclass name Lorg/omg/CORBA_2_3/portable/InputStream
120. [Moderate] class com.ibm.wala.ipa.cha.ClassHierarchy$ClassExclusion : <Primordial,Lcom/sun/net/ssl/internal/www/protocol/https/Handler> No superclass found for <Primordial,Lcom/sun/net/ssl/internal/www/protocol/https/Handler> Superclass name Lcom/ibm/net/ssl/www2/protocol/https/Handler
121. [Moderate] class com.ibm.wala.ipa.cha.ClassHierarchy$ClassExclusion : <Primordial,Lcom/sun/org/omg/CORBA/_IDLTypeStub> No superclass found for <Primordial,Lcom/sun/org/omg/CORBA/_IDLTypeStub> Superclass name Lorg/omg/CORBA/portable/ObjectImpl
122. [Moderate] class com.ibm.wala.ipa.cha.ClassHierarchy$ClassExclusion : <Primordial,Lcom/sun/org/omg/SendingContext/_CodeBaseImplBase> No superclass found for <Primordial,Lcom/sun/org/omg/SendingContext/_CodeBaseImplBase> Superclass name Lorg/omg/CORBA/portable/ObjectImpl
123. [Moderate] class com.ibm.wala.ipa.cha.ClassHierarchy$ClassExclusion : <Primordial,Lcom/sun/org/omg/SendingContext/_CodeBaseStub> No superclass found for <Primordial,Lcom/sun/org/omg/SendingContext/_CodeBaseStub> Superclass name Lorg/omg/CORBA/portable/ObjectImpl
124. [Moderate] class com.ibm.wala.ipa.cha.ClassHierarchy$ClassExclusion : <Primordial,Ljavax/management/remote/rmi/_RMIConnectionImpl_Tie> No superclass found for <Primordial,Ljavax/management/remote/rmi/_RMIConnectionImpl_Tie> Superclass name Lorg/omg/CORBA_2_3/portable/ObjectImpl
125. [Moderate] class com.ibm.wala.ipa.cha.ClassHierarchy$ClassExclusion : <Primordial,Ljavax/management/remote/rmi/_RMIServerImpl_Tie> No superclass found for <Primordial,Ljavax/management/remote/rmi/_RMIServerImpl_Tie> Superclass name Lorg/omg/CORBA_2_3/portable/ObjectImpl
126. [Moderate] class com.ibm.wala.ipa.cha.ClassHierarchy$ClassExclusion : <Primordial,Lorg/omg/stub/java/io/_Closeable_Stub> No superclass found for <Primordial,Lorg/omg/stub/java/io/_Closeable_Stub> Superclass name Ljavax/rmi/CORBA/Stub
127. [Moderate] class com.ibm.wala.ipa.cha.ClassHierarchy$ClassExclusion : <Primordial,Lorg/omg/stub/java/lang/_Appendable_Stub> No superclass found for <Primordial,Lorg/omg/stub/java/lang/_Appendable_Stub> Superclass name Ljavax/rmi/CORBA/Stub
128. [Moderate] class com.ibm.wala.ipa.cha.ClassHierarchy$ClassExclusion : <Primordial,Lorg/omg/stub/java/lang/_Cloneable_Stub> No superclass found for <Primordial,Lorg/omg/stub/java/lang/_Cloneable_Stub> Superclass name Ljavax/rmi/CORBA/Stub
129. [Moderate] class com.ibm.wala.ipa.cha.ClassHierarchy$ClassExclusion : <Primordial,Lorg/omg/stub/java/security/_PrivilegedExceptionAction_Stub> No superclass found for <Primordial,Lorg/omg/stub/java/security/_PrivilegedExceptionAction_Stub> Superclass name Ljavax/rmi/CORBA/Stub
130. [Moderate] class com.ibm.wala.ipa.cha.ClassHierarchy$ClassExclusion : <Primordial,Lorg/omg/stub/java/util/_RandomAccess_Stub> No superclass found for <Primordial,Lorg/omg/stub/java/util/_RandomAccess_Stub> Superclass name Ljavax/rmi/CORBA/Stub
131. [Moderate] class com.ibm.wala.ipa.cha.ClassHierarchy$ClassExclusion : <Primordial,Lorg/omg/stub/javax/management/remote/rmi/_RMIConnection_Stub> No superclass found for <Primordial,Lorg/omg/stub/javax/management/remote/rmi/_RMIConnection_Stub> Superclass name Ljavax/rmi/CORBA/Stub
132. [Moderate] class com.ibm.wala.ipa.cha.ClassHierarchy$ClassExclusion : <Primordial,Lorg/omg/stub/javax/management/remote/rmi/_RMIServer_Stub> No superclass found for <Primordial,Lorg/omg/stub/javax/management/remote/rmi/_RMIServer_Stub> Superclass name Ljavax/rmi/CORBA/Stub
133. [Moderate] class com.ibm.wala.ipa.cha.ClassHierarchy$ClassExclusion : <Primordial,Lsun/management/LockInfoCompositeData> No superclass found for <Primordial,Lsun/management/LockInfoCompositeData> Superclass name Lsun/management/LazyCompositeData
134. [Moderate] class com.ibm.wala.ipa.cha.ClassHierarchy$ClassExclusion : <Primordial,Lsun/net/www/protocol/https/Handler> No superclass found for <Primordial,Lsun/net/www/protocol/https/Handler> Superclass name Lcom/ibm/net/ssl/www2/protocol/https/Handler
135. [SEVERE] class com.ibm.wala.classLoader.BytecodeClass$ClassNotFoundWarning : Ljavax/net/ssl/HostnameVerifier
136. [SEVERE] class com.ibm.wala.classLoader.BytecodeClass$ClassNotFoundWarning : Ljavax/rmi/CORBA/PortableRemoteObjectDelegate
137. [SEVERE] class com.ibm.wala.classLoader.BytecodeClass$ClassNotFoundWarning : Ljavax/rmi/CORBA/StubDelegate
138. [SEVERE] class com.ibm.wala.classLoader.BytecodeClass$ClassNotFoundWarning : Ljavax/rmi/CORBA/UtilDelegate
139. [SEVERE] class com.ibm.wala.classLoader.BytecodeClass$ClassNotFoundWarning : Ljavax/rmi/CORBA/ValueHandlerMultiFormat
140. [SEVERE] class com.ibm.wala.classLoader.BytecodeClass$ClassNotFoundWarning : Lorg/omg/CORBA/IRObject
141. [SEVERE] class com.ibm.wala.classLoader.BytecodeClass$ClassNotFoundWarning : Lorg/omg/CORBA/Object
142. [SEVERE] class com.ibm.wala.classLoader.BytecodeClass$ClassNotFoundWarning : Lorg/omg/CORBA/portable/BoxedValueHelper
143. [SEVERE] class com.ibm.wala.classLoader.BytecodeClass$ClassNotFoundWarning : Lorg/omg/CORBA/portable/IDLEntity
144. [SEVERE] class com.ibm.wala.classLoader.BytecodeClass$ClassNotFoundWarning : Lorg/omg/CORBA/portable/ResponseHandler
145. [SEVERE] class com.ibm.wala.classLoader.BytecodeClass$ClassNotFoundWarning : Lorg/omg/CORBA/portable/Streamable
146. [SEVERE] class com.ibm.wala.classLoader.BytecodeClass$ClassNotFoundWarning : Lorg/omg/CORBA/portable/StreamableValue
147. [SEVERE] class com.ibm.wala.classLoader.BytecodeClass$ClassNotFoundWarning : Lorg/omg/CORBA/portable/ValueFactory
148. [SEVERE] class com.ibm.wala.classLoader.BytecodeClass$ClassNotFoundWarning : Lorg/omg/PortableInterceptor/ObjectReferenceFactory
149. [SEVERE] class com.ibm.wala.classLoader.BytecodeClass$ClassNotFoundWarning : Lorg/omg/PortableInterceptor/ObjectReferenceTemplate
150. [SEVERE] class com.ibm.wala.classLoader.BytecodeClass$ClassNotFoundWarning : Lorg/omg/PortableServer/portable/Delegate
151. [SEVERE] class com.ibm.wala.classLoader.BytecodeClass$ClassNotFoundWarning : Lorg/omg/SendingContext/RunTime
152. [SEVERE] class com.ibm.wala.classLoader.BytecodeClass$ClassNotFoundWarning : Lorg/omg/SendingContext/RunTimeOperations
<-Sep->
<-Start->2017-12-26 15:12:49,474<-Sep->WARN<-Sep->com.ibm.appscan.frameworks.java.WAFLSpecGen<-Sep->com.ibm.appscan.frameworks.java.WAFLSpecGen.getWAFLSpecForJavaEEApp(WAFLSpecGen.java:131)<-Sep->No web.xml was found so built-in Spring, Struts and some Java EE handling have been skipped<-Sep->
<-Start->2017-12-26 15:12:49,506<-Sep->INFO<-Sep->com.ibm.appscan.frameworks.handlers.aspdotnetmvc3.Mvc3Handler<-Sep->com.ibm.appscan.frameworks.handlers.aspdotnetmvc3.Mvc3Handler.isApplicable(Mvc3Handler.java:183)<-Sep->Framework handler AspDotNetMVC3 running isApplicable()<-Sep->
<-Start->2017-12-26 15:12:49,506<-Sep->INFO<-Sep->com.ibm.appscan.frameworks.handlers.aspdotnetmvc3.Mvc3Handler<-Sep->com.ibm.appscan.frameworks.handlers.aspdotnetmvc3.Mvc3Handler.isApplicable(Mvc3Handler.java:187)<-Sep->isApplicable() returns false<-Sep->
<-Start->2017-12-26 15:12:49,506<-Sep->INFO<-Sep->com.ibm.appscan.frameworks.handlers.aspdotnetmvc3.Mvc3Handler<-Sep->com.ibm.appscan.frameworks.handlers.aspdotnetmvc3.Mvc3Handler.isApplicable(Mvc3Handler.java:188)<-Sep->Framework handler AspDotNetMVC3 ends<-Sep->
<-Start->2017-12-26 15:12:49,506<-Sep->INFO<-Sep->com.ibm.appscan.frameworks.handlers.jsf2.JSF2Handler<-Sep->com.ibm.appscan.frameworks.handlers.jsf2.JSF2Handler.isApplicable(JSF2Handler.java:89)<-Sep->Framework handler JSF2 running isApplicable()<-Sep->
<-Start->2017-12-26 15:12:49,521<-Sep->INFO<-Sep->com.ibm.appscan.frameworks.handlers.jsf2.JSF2Handler<-Sep->com.ibm.appscan.frameworks.handlers.jsf2.JSF2Handler.isApplicable(JSF2Handler.java:120)<-Sep->File C:\ProgramData\IBM\AppScanSource\samples\simpleIOT\SimpleIOT_staging\WEB-INF\web.xml does not exist<-Sep->
<-Start->2017-12-26 15:12:49,521<-Sep->INFO<-Sep->com.ibm.appscan.frameworks.handlers.jsf2.JSF2Handler<-Sep->com.ibm.appscan.frameworks.handlers.jsf2.JSF2Handler.isApplicable(JSF2Handler.java:121)<-Sep->isApplicable() returns false<-Sep->
<-Start->2017-12-26 15:12:49,521<-Sep->INFO<-Sep->com.ibm.appscan.frameworks.handlers.jsf2.JSF2Handler<-Sep->com.ibm.appscan.frameworks.handlers.jsf2.JSF2Handler.isApplicable(JSF2Handler.java:122)<-Sep->Framework handler JSF2 ends<-Sep->
<-Start->2017-12-26 15:12:49,521<-Sep->INFO<-Sep->com.ibm.appscan.frameworks.handlers.spring3.Spring3Handler<-Sep->com.ibm.appscan.frameworks.handlers.spring3.Spring3Handler.isApplicable(Spring3Handler.java:210)<-Sep->Framework handler SPRING3 running isApplicable()<-Sep->
<-Start->2017-12-26 15:12:49,521<-Sep->INFO<-Sep->com.ibm.appscan.frameworks.handlers.spring3.Spring3Handler<-Sep->com.ibm.appscan.frameworks.handlers.spring3.Spring3Handler.isApplicable(Spring3Handler.java:232)<-Sep->File C:\ProgramData\IBM\AppScanSource\samples\simpleIOT\SimpleIOT_staging\WEB-INF\web.xml does not exist<-Sep->
<-Start->2017-12-26 15:12:49,671<-Sep->INFO<-Sep->com.ibm.appscan.frameworks.handlers.spring3.Spring3Handler<-Sep->com.ibm.appscan.frameworks.handlers.spring3.Spring3Handler.handleApp(Spring3Handler.java:40)<-Sep->Framework handler SPRING3 running handleApp()<-Sep->
<-Start->2017-12-26 15:12:49,671<-Sep->INFO<-Sep->com.ibm.appscan.frameworks.handlers.struts2.Struts2Handler<-Sep->com.ibm.appscan.frameworks.handlers.struts2.Struts2Handler.isApplicable(Struts2Handler.java:315)<-Sep->Framework handler STRUTS2 running isApplicable()<-Sep->
<-Start->2017-12-26 15:12:49,671<-Sep->INFO<-Sep->com.ibm.appscan.frameworks.handlers.struts2.Struts2Handler<-Sep->com.ibm.appscan.frameworks.handlers.struts2.Struts2Handler.isApplicable(Struts2Handler.java:343)<-Sep->isApplicable() returns false<-Sep->
<-Start->2017-12-26 15:12:49,671<-Sep->INFO<-Sep->com.ibm.appscan.frameworks.handlers.struts2.Struts2Handler<-Sep->com.ibm.appscan.frameworks.handlers.struts2.Struts2Handler.isApplicable(Struts2Handler.java:344)<-Sep->Framework handler STRUTS2 ends<-Sep->
<-Start->2017-12-26 15:12:49,671<-Sep->INFO<-Sep->com.ibm.appscan.frameworks.highlevelapi.ejb2xhandler.Ejb2xHandler<-Sep->com.ibm.appscan.frameworks.highlevelapi.ejb2xhandler.Ejb2xHandler.isApplicable(Ejb2xHandler.java:94)<-Sep->Framework handler EJB2X running isApplicable()<-Sep->
<-Start->2017-12-26 15:12:49,687<-Sep->INFO<-Sep->com.ibm.appscan.frameworks.highlevelapi.ejb2xhandler.Ejb2xHandler<-Sep->com.ibm.appscan.frameworks.highlevelapi.ejb2xhandler.Ejb2xHandler.findEJBConfigLocations(Ejb2xHandler.java:152)<-Sep->Searching for ejb-jar.xml in C:\ProgramData\IBM\AppScanSource\samples\simpleIOT<-Sep->
<-Start->2017-12-26 15:12:49,687<-Sep->WARN<-Sep->com.ibm.appscan.frameworks.highlevelapi.ejb2xhandler.Ejb2xHandler<-Sep->com.ibm.appscan.frameworks.highlevelapi.ejb2xhandler.Ejb2xHandler.findEJBConfigLocations(Ejb2xHandler.java:159)<-Sep->Missing ejb-jar.xml in C:\ProgramData\IBM\AppScanSource\samples\simpleIOT<-Sep->
<-Start->2017-12-26 15:12:49,687<-Sep->INFO<-Sep->com.ibm.appscan.frameworks.highlevelapi.ejb2xhandler.Ejb2xHandler<-Sep->com.ibm.appscan.frameworks.highlevelapi.ejb2xhandler.Ejb2xHandler.isApplicable(Ejb2xHandler.java:124)<-Sep->File ejb-jar.xml does not exist<-Sep->
<-Start->2017-12-26 15:12:49,687<-Sep->INFO<-Sep->com.ibm.appscan.frameworks.highlevelapi.ejb2xhandler.Ejb2xHandler<-Sep->com.ibm.appscan.frameworks.highlevelapi.ejb2xhandler.Ejb2xHandler.isApplicable(Ejb2xHandler.java:125)<-Sep->isApplicable() returns false<-Sep->
<-Start->2017-12-26 15:12:49,687<-Sep->INFO<-Sep->com.ibm.appscan.frameworks.highlevelapi.ejb2xhandler.Ejb2xHandler<-Sep->com.ibm.appscan.frameworks.highlevelapi.ejb2xhandler.Ejb2xHandler.isApplicable(Ejb2xHandler.java:126)<-Sep->Framework handler EJB2X ends<-Sep->
<-Start->2017-12-26 15:12:49,687<-Sep->INFO<-Sep->com.ibm.appscan.frameworks.highlevelapi.jaxhandler.internal.handlers.JAXHandler<-Sep->com.ibm.appscan.frameworks.highlevelapi.jaxhandler.internal.handlers.JAXHandler.isApplicable(JAXHandler.java:71)<-Sep->Framework handler JAX-RS running isApplicable()<-Sep->
<-Start->2017-12-26 15:12:49,687<-Sep->INFO<-Sep->com.ibm.appscan.frameworks.highlevelapi.jaxhandler.internal.handlers.JAXHandler<-Sep->com.ibm.appscan.frameworks.highlevelapi.jaxhandler.internal.handlers.JAXHandler.isApplicable(JAXHandler.java:76)<-Sep->isApplicable() returns true<-Sep->
<-Start->2017-12-26 15:12:49,687<-Sep->INFO<-Sep->com.ibm.appscan.frameworks.highlevelapi.jaxhandler.internal.handlers.JAXHandler<-Sep->com.ibm.appscan.frameworks.highlevelapi.jaxhandler.internal.handlers.JAXHandler.handleApp(JAXHandler.java:39)<-Sep->Failed to find javax.ws.rs.Path<-Sep->
<-Start->2017-12-26 15:12:49,687<-Sep->INFO<-Sep->com.ibm.appscan.frameworks.highlevelapi.jaxhandler.internal.handlers.JAXHandler<-Sep->com.ibm.appscan.frameworks.highlevelapi.jaxhandler.internal.handlers.JAXHandler.handleApp(JAXHandler.java:40)<-Sep->Framework handler JAX-RS ends<-Sep->
<-Start->2017-12-26 15:12:49,702<-Sep->INFO<-Sep->com.ibm.appscan.frameworks.jaxwshandler.JAXWSHandler<-Sep->com.ibm.appscan.frameworks.jaxwshandler.JAXWSHandler.isApplicable(JAXWSHandler.java:100)<-Sep->Framework handler JAXWS running isApplicable()<-Sep->
<-Start->2017-12-26 15:12:49,702<-Sep->INFO<-Sep->com.ibm.appscan.frameworks.jaxwshandler.JAXWSHandler<-Sep->com.ibm.appscan.frameworks.jaxwshandler.JAXWSHandler.isApplicable(JAXWSHandler.java:105)<-Sep->isApplicable() returns true<-Sep->
<-Start->2017-12-26 15:12:49,702<-Sep->INFO<-Sep->com.ibm.appscan.frameworks.jaxwshandler.JAXWSHandler<-Sep->com.ibm.appscan.frameworks.jaxwshandler.JAXWSHandler.handleApp(JAXWSHandler.java:37)<-Sep->Framework handler JAXWS running handleApp()<-Sep->
<-Start->2017-12-26 15:12:49,702<-Sep->INFO<-Sep->com.ibm.appscan.frameworks.jaxwshandler.JAXWSHandler<-Sep->com.ibm.appscan.frameworks.jaxwshandler.JAXWSHandler.findWebServiceClasses(JAXWSHandler.java:79)<-Sep->Examining class LTestCase_IOT_UserValidation2<-Sep->
<-Start->2017-12-26 15:12:49,702<-Sep->INFO<-Sep->com.ibm.appscan.frameworks.jaxwshandler.JAXWSHandler<-Sep->com.ibm.appscan.frameworks.jaxwshandler.JAXWSHandler.findWebServiceClasses(JAXWSHandler.java:79)<-Sep->Examining class LTestCase_IOT_MemberTaint_OutParam$TaintedStruct<-Sep->
<-Start->2017-12-26 15:12:49,702<-Sep->INFO<-Sep->com.ibm.appscan.frameworks.jaxwshandler.JAXWSHandler<-Sep->com.ibm.appscan.frameworks.jaxwshandler.JAXWSHandler.findWebServiceClasses(JAXWSHandler.java:79)<-Sep->Examining class LTestCase_IOT_Lost_XFile_Part2<-Sep->
<-Start->2017-12-26 15:12:49,702<-Sep->INFO<-Sep->com.ibm.appscan.frameworks.jaxwshandler.JAXWSHandler<-Sep->com.ibm.appscan.frameworks.jaxwshandler.JAXWSHandler.findWebServiceClasses(JAXWSHandler.java:79)<-Sep->Examining class LTestCase_IOT_Branching<-Sep->
<-Start->2017-12-26 15:12:49,702<-Sep->INFO<-Sep->com.ibm.appscan.frameworks.jaxwshandler.JAXWSHandler<-Sep->com.ibm.appscan.frameworks.jaxwshandler.JAXWSHandler.findWebServiceClasses(JAXWSHandler.java:79)<-Sep->Examining class LTestCase_IOT_Lost_Instance<-Sep->
<-Start->2017-12-26 15:12:49,702<-Sep->INFO<-Sep->com.ibm.appscan.frameworks.jaxwshandler.JAXWSHandler<-Sep->com.ibm.appscan.frameworks.jaxwshandler.JAXWSHandler.findWebServiceClasses(JAXWSHandler.java:79)<-Sep->Examining class LTestCase_IOT_UserValidation<-Sep->
<-Start->2017-12-26 15:12:49,702<-Sep->INFO<-Sep->com.ibm.appscan.frameworks.jaxwshandler.JAXWSHandler<-Sep->com.ibm.appscan.frameworks.jaxwshandler.JAXWSHandler.findWebServiceClasses(JAXWSHandler.java:79)<-Sep->Examining class LTestCase_IOT_List<-Sep->
<-Start->2017-12-26 15:12:49,702<-Sep->INFO<-Sep->com.ibm.appscan.frameworks.jaxwshandler.JAXWSHandler<-Sep->com.ibm.appscan.frameworks.jaxwshandler.JAXWSHandler.findWebServiceClasses(JAXWSHandler.java:79)<-Sep->Examining class LTestCase_IOT_Instance_Assigns<-Sep->
<-Start->2017-12-26 15:12:49,702<-Sep->INFO<-Sep->com.ibm.appscan.frameworks.jaxwshandler.JAXWSHandler<-Sep->com.ibm.appscan.frameworks.jaxwshandler.JAXWSHandler.findWebServiceClasses(JAXWSHandler.java:79)<-Sep->Examining class LTestCase_IOT_Lost_MemberTaint<-Sep->
<-Start->2017-12-26 15:12:49,702<-Sep->INFO<-Sep->com.ibm.appscan.frameworks.jaxwshandler.JAXWSHandler<-Sep->com.ibm.appscan.frameworks.jaxwshandler.JAXWSHandler.findWebServiceClasses(JAXWSHandler.java:79)<-Sep->Examining class LTestCase_IOT_MediumCallStack<-Sep->
<-Start->2017-12-26 15:12:49,702<-Sep->INFO<-Sep->com.ibm.appscan.frameworks.jaxwshandler.JAXWSHandler<-Sep->com.ibm.appscan.frameworks.jaxwshandler.JAXWSHandler.findWebServiceClasses(JAXWSHandler.java:79)<-Sep->Examining class LTestCase_IOT_Recursion<-Sep->
<-Start->2017-12-26 15:12:49,702<-Sep->INFO<-Sep->com.ibm.appscan.frameworks.jaxwshandler.JAXWSHandler<-Sep->com.ibm.appscan.frameworks.jaxwshandler.JAXWSHandler.findWebServiceClasses(JAXWSHandler.java:79)<-Sep->Examining class LTestCase_IOT_Array<-Sep->
<-Start->2017-12-26 15:12:49,702<-Sep->INFO<-Sep->com.ibm.appscan.frameworks.jaxwshandler.JAXWSHandler<-Sep->com.ibm.appscan.frameworks.jaxwshandler.JAXWSHandler.findWebServiceClasses(JAXWSHandler.java:79)<-Sep->Examining class LTestCase_IOT_XFile_Part1<-Sep->
<-Start->2017-12-26 15:12:49,702<-Sep->INFO<-Sep->com.ibm.appscan.frameworks.jaxwshandler.JAXWSHandler<-Sep->com.ibm.appscan.frameworks.jaxwshandler.JAXWSHandler.findWebServiceClasses(JAXWSHandler.java:79)<-Sep->Examining class LTestCase_IOT_OverlapTrace<-Sep->
<-Start->2017-12-26 15:12:49,702<-Sep->INFO<-Sep->com.ibm.appscan.frameworks.jaxwshandler.JAXWSHandler<-Sep->com.ibm.appscan.frameworks.jaxwshandler.JAXWSHandler.findWebServiceClasses(JAXWSHandler.java:79)<-Sep->Examining class LTestCase_IOT_Instance_Val_Confidence<-Sep->
<-Start->2017-12-26 15:12:49,702<-Sep->INFO<-Sep->com.ibm.appscan.frameworks.jaxwshandler.JAXWSHandler<-Sep->com.ibm.appscan.frameworks.jaxwshandler.JAXWSHandler.findWebServiceClasses(JAXWSHandler.java:79)<-Sep->Examining class LTestCase_IOT_Simple_Validation<-Sep->
<-Start->2017-12-26 15:12:49,702<-Sep->INFO<-Sep->com.ibm.appscan.frameworks.jaxwshandler.JAXWSHandler<-Sep->com.ibm.appscan.frameworks.jaxwshandler.JAXWSHandler.findWebServiceClasses(JAXWSHandler.java:79)<-Sep->Examining class LTestCase_IOT_Looping<-Sep->
<-Start->2017-12-26 15:12:49,702<-Sep->INFO<-Sep->com.ibm.appscan.frameworks.jaxwshandler.JAXWSHandler<-Sep->com.ibm.appscan.frameworks.jaxwshandler.JAXWSHandler.findWebServiceClasses(JAXWSHandler.java:79)<-Sep->Examining class LTestCase_IOT_Instance<-Sep->
<-Start->2017-12-26 15:12:49,702<-Sep->INFO<-Sep->com.ibm.appscan.frameworks.jaxwshandler.JAXWSHandler<-Sep->com.ibm.appscan.frameworks.jaxwshandler.JAXWSHandler.findWebServiceClasses(JAXWSHandler.java:79)<-Sep->Examining class LTestCase_IOT_MemberTaint_OutParam<-Sep->
<-Start->2017-12-26 15:12:49,702<-Sep->INFO<-Sep->com.ibm.appscan.frameworks.jaxwshandler.JAXWSHandler<-Sep->com.ibm.appscan.frameworks.jaxwshandler.JAXWSHandler.findWebServiceClasses(JAXWSHandler.java:79)<-Sep->Examining class LTestCase_IOT_XFile_Part2<-Sep->
<-Start->2017-12-26 15:12:49,702<-Sep->INFO<-Sep->com.ibm.appscan.frameworks.jaxwshandler.JAXWSHandler<-Sep->com.ibm.appscan.frameworks.jaxwshandler.JAXWSHandler.findWebServiceClasses(JAXWSHandler.java:79)<-Sep->Examining class LTestCase_IOT_XFile_Val_Part1<-Sep->
<-Start->2017-12-26 15:12:49,702<-Sep->INFO<-Sep->com.ibm.appscan.frameworks.jaxwshandler.JAXWSHandler<-Sep->com.ibm.appscan.frameworks.jaxwshandler.JAXWSHandler.findWebServiceClasses(JAXWSHandler.java:79)<-Sep->Examining class LTestCase_IOT_Instance_Val_Encode<-Sep->
<-Start->2017-12-26 15:12:49,702<-Sep->INFO<-Sep->com.ibm.appscan.frameworks.jaxwshandler.JAXWSHandler<-Sep->com.ibm.appscan.frameworks.jaxwshandler.JAXWSHandler.findWebServiceClasses(JAXWSHandler.java:79)<-Sep->Examining class LTestCase_IOT_Static<-Sep->
<-Start->2017-12-26 15:12:49,702<-Sep->INFO<-Sep->com.ibm.appscan.frameworks.jaxwshandler.JAXWSHandler<-Sep->com.ibm.appscan.frameworks.jaxwshandler.JAXWSHandler.findWebServiceClasses(JAXWSHandler.java:79)<-Sep->Examining class LTestCase_IOT_MemberTaint<-Sep->
<-Start->2017-12-26 15:12:49,702<-Sep->INFO<-Sep->com.ibm.appscan.frameworks.jaxwshandler.JAXWSHandler<-Sep->com.ibm.appscan.frameworks.jaxwshandler.JAXWSHandler.findWebServiceClasses(JAXWSHandler.java:79)<-Sep->Examining class LTestCase_IOT_Lost_MemberTaint$TaintedStruct<-Sep->
<-Start->2017-12-26 15:12:49,702<-Sep->INFO<-Sep->com.ibm.appscan.frameworks.jaxwshandler.JAXWSHandler<-Sep->com.ibm.appscan.frameworks.jaxwshandler.JAXWSHandler.findWebServiceClasses(JAXWSHandler.java:79)<-Sep->Examining class LTestCase_IOT_MemberTaint$TaintedStruct<-Sep->
<-Start->2017-12-26 15:12:49,702<-Sep->INFO<-Sep->com.ibm.appscan.frameworks.jaxwshandler.JAXWSHandler<-Sep->com.ibm.appscan.frameworks.jaxwshandler.JAXWSHandler.findWebServiceClasses(JAXWSHandler.java:79)<-Sep->Examining class LTestCase_IOT_Lost_XFile_Part1<-Sep->
<-Start->2017-12-26 15:12:49,702<-Sep->INFO<-Sep->com.ibm.appscan.frameworks.jaxwshandler.JAXWSHandler<-Sep->com.ibm.appscan.frameworks.jaxwshandler.JAXWSHandler.findWebServiceClasses(JAXWSHandler.java:79)<-Sep->Examining class LTestCase_IOT_Static_Assigns<-Sep->
<-Start->2017-12-26 15:12:49,702<-Sep->INFO<-Sep->com.ibm.appscan.frameworks.jaxwshandler.JAXWSHandler<-Sep->com.ibm.appscan.frameworks.jaxwshandler.JAXWSHandler.handleApp(JAXWSHandler.java:42)<-Sep->Framework handler JAXWS ends<-Sep->
